<?xml version="1.0" encoding="UTF-8"?>
<!-- Generated by org.testng.reporters.JUnitReportReporter -->
<testsuite hostname="DESKTOP-SBFP0CK" failures="0" tests="5" name="com.crm.qa.Tests.ContactsPageTest" time="149.845" errors="0" timestamp="01 Jul 2018 17:30:15 GMT" skipped="0">
  <testcase classname="com.crm.qa.Tests.ContactsPageTest" name="createNewContactTest" time="31.374"/>
  <testcase classname="com.crm.qa.Tests.ContactsPageTest" name="createNewContactTest" time="32.139"/>
  <testcase classname="com.crm.qa.Tests.ContactsPageTest" name="createNewContactTest" time="28.137"/>
  <testcase classname="com.crm.qa.Tests.ContactsPageTest" name="createNewContactTest" time="29.614"/>
  <testcase classname="com.crm.qa.Tests.ContactsPageTest" name="createNewContactTest" time="28.581"/>
</testsuite> <!-- com.crm.qa.Tests.ContactsPageTest -->
