<?xml version="1.0" encoding="UTF-8"?>
<!-- Generated by org.testng.reporters.JUnitReportReporter -->
<testsuite skipped="0" hostname="IN-MH1DSW101024" name="com.crm.qa.Base.TestBase" tests="1" failures="0" timestamp="22 Jun 2018 12:29:05 GMT" time="14.625" errors="0">
  <testcase name="initialization" time="14.625" classname="com.crm.qa.Base.TestBase"/>
</testsuite> <!-- com.crm.qa.Base.TestBase -->
