<?xml version="1.0" encoding="UTF-8"?>
<!-- Generated by org.testng.reporters.JUnitReportReporter -->
<testsuite hostname="DESKTOP-SBFP0CK" failures="0" tests="3" name="com.crm.qa.Tests.HomePageTest" time="68.279" errors="0" timestamp="01 Jul 2018 17:30:15 GMT" skipped="0">
  <testcase classname="com.crm.qa.Tests.HomePageTest" name="newContactsTest" time="25.878"/>
  <testcase classname="com.crm.qa.Tests.HomePageTest" name="verifyHomepageUsername" time="20.199"/>
  <testcase classname="com.crm.qa.Tests.HomePageTest" name="verifyContactLinkTest" time="22.202"/>
</testsuite> <!-- com.crm.qa.Tests.HomePageTest -->
