<?xml version="1.0" encoding="UTF-8"?>
<!-- Generated by org.testng.reporters.JUnitReportReporter -->
<testsuite hostname="DESKTOP-SBFP0CK" failures="0" tests="3" name="com.crm.qa.Tests.LoginPageTest" time="121.240" errors="0" timestamp="01 Jul 2018 17:30:15 GMT" skipped="0">
  <testcase classname="com.crm.qa.Tests.LoginPageTest" name="CRMLogoTest" time="18.585"/>
  <testcase classname="com.crm.qa.Tests.LoginPageTest" name="loginPageTitleTest" time="13.484"/>
  <testcase classname="com.crm.qa.Tests.LoginPageTest" name="loginTest" time="89.171"/>
</testsuite> <!-- com.crm.qa.Tests.LoginPageTest -->
