<?xml version="1.0" encoding="UTF-8"?>
<!-- Generated by org.testng.reporters.JUnitReportReporter -->
<testsuite skipped="0" hostname="IN-MH1DSW101024" name="com.crm.qa.Pages.LoginPage" tests="1" failures="0" timestamp="25 Jun 2018 07:11:30 GMT" time="16.706" errors="0">
  <testcase name="initialization" time="16.706" classname="com.crm.qa.Pages.LoginPage"/>
</testsuite> <!-- com.crm.qa.Pages.LoginPage -->
